<?xml version="1.0" encoding="utf-8"?><testsuites name="pytest tests"><testsuite name="pytest" errors="0" failures="0" skipped="0" tests="5" time="2.124" timestamp="2026-08-02T09:26:44.386008+00:00" hostname="agent-env-7ea2a34e-387b-4245-b78e-c3e3528177a9"><testcase classname="tests.backend_test.TestLeads" name="test_create_lead" time="0.256" /><testcase classname="tests.backend_test.TestSettings" name="test_get_settings_default" time="0.253" /><testcase classname="tests.backend_test.TestSettings" name="test_toggle_settings_persists" time="0.155" /><testcase classname="tests.backend_test.TestLeads" name="test_list_leads_recent_first" time="1.235" /><testcase classname="tests.backend_test.TestLeads" name="test_create_lead_validation" time="0.030" /></testsuite></testsuites>